# JRE version: OpenJDK Runtime Environment (8.0_152-b01) (build 1.8.0_152-release-1024-b01)
# Java VM: OpenJDK 64-Bit Server VM (25.152-b01 mixed mode linux-amd64 compressed oops)
Heap:
 PSYoungGen      total 313856K, used 11703K [0x00000000e0000000, 0x00000000f6480000, 0x0000000100000000)
  eden space 263680K, 4% used [0x00000000e0000000,0x00000000e0b6dde0,0x00000000f0180000)
  from space 50176K, 0% used [0x00000000f3380000,0x00000000f3380000,0x00000000f6480000)
  to   space 50688K, 0% used [0x00000000f0180000,0x00000000f0180000,0x00000000f3300000)
 ParOldGen       total 128512K, used 15088K [0x00000000a0000000, 0x00000000a7d80000, 0x00000000e0000000)
  object space 128512K, 11% used [0x00000000a0000000,0x00000000a0ebc358,0x00000000a7d80000)
 Metaspace       used 58194K, capacity 59149K, committed 67368K, reserved 1107968K
  class space    used 6610K, capacity 6836K, committed 7984K, reserved 1048576K
GC Heap History (10 events):
Event: 1310,766 GC heap before
{Heap before GC invocations=18 (full 3):
 PSYoungGen      total 269824K, used 265107K [0x00000000e0000000, 0x00000000f3980000, 0x0000000100000000)
  eden space 227840K, 100% used [0x00000000e0000000,0x00000000ede80000,0x00000000ede80000)
  from space 41984K, 88% used [0x00000000f0d80000,0x00000000f31e4e68,0x00000000f3680000)
  to   space 46592K, 0% used [0x00000000ede80000,0x00000000ede80000,0x00000000f0c00000)
 ParOldGen       total 128512K, used 28287K [0x00000000a0000000, 0x00000000a7d80000, 0x00000000e0000000)
  object space 128512K, 22% used [0x00000000a0000000,0x00000000a1b9ff10,0x00000000a7d80000)
 Metaspace       used 62574K, capacity 64427K, committed 64552K, reserved 1105920K
  class space    used 7313K, capacity 7701K, committed 7728K, reserved 1048576K
Event: 1310,801 GC heap after
Heap after GC invocations=18 (full 3):
 PSYoungGen      total 274432K, used 36354K [0x00000000e0000000, 0x00000000f5a00000, 0x0000000100000000)
  eden space 227840K, 0% used [0x00000000e0000000,0x00000000e0000000,0x00000000ede80000)
  from space 46592K, 78% used [0x00000000ede80000,0x00000000f0200b50,0x00000000f0c00000)
  to   space 49152K, 0% used [0x00000000f2a00000,0x00000000f2a00000,0x00000000f5a00000)
 ParOldGen       total 128512K, used 28295K [0x00000000a0000000, 0x00000000a7d80000, 0x00000000e0000000)
  object space 128512K, 22% used [0x00000000a0000000,0x00000000a1ba1f10,0x00000000a7d80000)
 Metaspace       used 62574K, capacity 64427K, committed 64552K, reserved 1105920K
  class space    used 7313K, capacity 7701K, committed 7728K, reserved 1048576K
}
Event: 1457,529 GC heap before
{Heap before GC invocations=19 (full 3):
 PSYoungGen      total 274432K, used 264194K [0x00000000e0000000, 0x00000000f5a00000, 0x0000000100000000)
  eden space 227840K, 100% used [0x00000000e0000000,0x00000000ede80000,0x00000000ede80000)
  from space 46592K, 78% used [0x00000000ede80000,0x00000000f0200b50,0x00000000f0c00000)
  to   space 49152K, 0% used [0x00000000f2a00000,0x00000000f2a00000,0x00000000f5a00000)
 ParOldGen       total 128512K, used 28295K [0x00000000a0000000, 0x00000000a7d80000, 0x00000000e0000000)
  object space 128512K, 22% used [0x00000000a0000000,0x00000000a1ba1f10,0x00000000a7d80000)
 Metaspace       used 63980K, capacity 65897K, committed 65960K, reserved 1107968K
  class space    used 7445K, capacity 7846K, committed 7856K, reserved 1048576K
Event: 1457,555 GC heap after
Heap after GC invocations=19 (full 3):
 PSYoungGen      total 295936K, used 32247K [0x00000000e0000000, 0x00000000f5680000, 0x0000000100000000)
  eden space 250368K, 0% used [0x00000000e0000000,0x00000000e0000000,0x00000000ef480000)
  from space 45568K, 70% used [0x00000000f2a00000,0x00000000f497ded0,0x00000000f5680000)
  to   space 50176K, 0% used [0x00000000ef480000,0x00000000ef480000,0x00000000f2580000)
 ParOldGen       total 128512K, used 28303K [0x00000000a0000000, 0x00000000a7d80000, 0x00000000e0000000)
  object space 128512K, 22% used [0x00000000a0000000,0x00000000a1ba3f10,0x00000000a7d80000)
 Metaspace       used 63980K, capacity 65897K, committed 65960K, reserved 1107968K
  class space    used 7445K, capacity 7846K, committed 7856K, reserved 1048576K
}
Event: 2780,740 GC heap before
{Heap before GC invocations=20 (full 3):
 PSYoungGen      total 295936K, used 282180K [0x00000000e0000000, 0x00000000f5680000, 0x0000000100000000)
  eden space 250368K, 99% used [0x00000000e0000000,0x00000000ef4134d8,0x00000000ef480000)
  from space 45568K, 70% used [0x00000000f2a00000,0x00000000f497ded0,0x00000000f5680000)
  to   space 50176K, 0% used [0x00000000ef480000,0x00000000ef480000,0x00000000f2580000)
 ParOldGen       total 128512K, used 28303K [0x00000000a0000000, 0x00000000a7d80000, 0x00000000e0000000)
  object space 128512K, 22% used [0x00000000a0000000,0x00000000a1ba3f10,0x00000000a7d80000)
 Metaspace       used 65181K, capacity 67153K, committed 67368K, reserved 1107968K
  class space    used 7566K, capacity 7966K, committed 7984K, reserved 1048576K
Event: 2780,765 GC heap after
Heap after GC invocations=20 (full 3):
 PSYoungGen      total 300544K, used 34040K [0x00000000e0000000, 0x00000000f6580000, 0x0000000100000000)
  eden space 250368K, 0% used [0x00000000e0000000,0x00000000e0000000,0x00000000ef480000)
  from space 50176K, 67% used [0x00000000ef480000,0x00000000f15be238,0x00000000f2580000)
  to   space 51200K, 0% used [0x00000000f3380000,0x00000000f3380000,0x00000000f6580000)
 ParOldGen       total 128512K, used 28311K [0x00000000a0000000, 0x00000000a7d80000, 0x00000000e0000000)
  object space 128512K, 22% used [0x00000000a0000000,0x00000000a1ba5f10,0x00000000a7d80000)
 Metaspace       used 65181K, capacity 67153K, committed 67368K, reserved 1107968K
  class space    used 7566K, capacity 7966K, committed 7984K, reserved 1048576K
}
Event: 4067,555 GC heap before
{Heap before GC invocations=21 (full 3):
 PSYoungGen      total 300544K, used 67641K [0x00000000e0000000, 0x00000000f6580000, 0x0000000100000000)
  eden space 250368K, 13% used [0x00000000e0000000,0x00000000e20d0530,0x00000000ef480000)
  from space 50176K, 67% used [0x00000000ef480000,0x00000000f15be238,0x00000000f2580000)
  to   space 51200K, 0% used [0x00000000f3380000,0x00000000f3380000,0x00000000f6580000)
 ParOldGen       total 128512K, used 28311K [0x00000000a0000000, 0x00000000a7d80000, 0x00000000e0000000)
  object space 128512K, 22% used [0x00000000a0000000,0x00000000a1ba5f10,0x00000000a7d80000)
 Metaspace       used 65265K, capacity 67217K, committed 67368K, reserved 1107968K
  class space    used 7574K, capacity 7966K, committed 7984K, reserved 1048576K
Event: 4067,564 GC heap after
Heap after GC invocations=21 (full 3):
 PSYoungGen      total 313856K, used 12448K [0x00000000e0000000, 0x00000000f6480000, 0x0000000100000000)
  eden space 263680K, 0% used [0x00000000e0000000,0x00000000e0000000,0x00000000f0180000)
  from space 50176K, 24% used [0x00000000f3380000,0x00000000f3fa8158,0x00000000f6480000)
  to   space 50688K, 0% used [0x00000000f0180000,0x00000000f0180000,0x00000000f3300000)
 ParOldGen       total 128512K, used 28319K [0x00000000a0000000, 0x00000000a7d80000, 0x00000000e0000000)
  object space 128512K, 22% used [0x00000000a0000000,0x00000000a1ba7f10,0x00000000a7d80000)
 Metaspace       used 65265K, capacity 67217K, committed 67368K, reserved 1107968K
  class space    used 7574K, capacity 7966K, committed 7984K, reserved 1048576K
}
Event: 4067,564 GC heap before
{Heap before GC invocations=22 (full 4):
 PSYoungGen      total 313856K, used 12448K [0x00000000e0000000, 0x00000000f6480000, 0x0000000100000000)
  eden space 263680K, 0% used [0x00000000e0000000,0x00000000e0000000,0x00000000f0180000)
  from space 50176K, 24% used [0x00000000f3380000,0x00000000f3fa8158,0x00000000f6480000)
  to   space 50688K, 0% used [0x00000000f0180000,0x00000000f0180000,0x00000000f3300000)
 ParOldGen       total 128512K, used 28319K [0x00000000a0000000, 0x00000000a7d80000, 0x00000000e0000000)
  object space 128512K, 22% used [0x00000000a0000000,0x00000000a1ba7f10,0x00000000a7d80000)
 Metaspace       used 65265K, capacity 67217K, committed 67368K, reserved 1107968K
  class space    used 7574K, capacity 7966K, committed 7984K, reserved 1048576K
Event: 4067,675 GC heap after
Heap after GC invocations=22 (full 4):
 PSYoungGen      total 313856K, used 0K [0x00000000e0000000, 0x00000000f6480000, 0x0000000100000000)
  eden space 263680K, 0% used [0x00000000e0000000,0x00000000e0000000,0x00000000f0180000)
  from space 50176K, 0% used [0x00000000f3380000,0x00000000f3380000,0x00000000f6480000)
  to   space 50688K, 0% used [0x00000000f0180000,0x00000000f0180000,0x00000000f3300000)
 ParOldGen       total 128512K, used 15088K [0x00000000a0000000, 0x00000000a7d80000, 0x00000000e0000000)
  object space 128512K, 11% used [0x00000000a0000000,0x00000000a0ebc358,0x00000000a7d80000)
 Metaspace       used 58191K, capacity 59149K, committed 67368K, reserved 1107968K
  class space    used 6610K, capacity 6836K, committed 7984K, reserved 1048576K
}

